{"content": {"suites": {"0": {"status": {"total_pass": 18, "total_skip": 0, "total_xpass": 0, "total_xfail": 0, "total_rerun": 0, "total_fail": 1, "total_error": 0}, "tests": {"0": {"status": "PASS", "message": "", "test_name": "test_View_Institutes", "rerun": "0"}, "1": {"status": "PASS", "message": "", "test_name": "test_Institutes_View_InstituteDetails", "rerun": "0"}, "2": {"status": "PASS", "message": "", "test_name": "test_Institutes_View_ManageTeam", "rerun": "0"}, "3": {"status": "PASS", "message": "", "test_name": "test_Institutes_View_Departments", "rerun": "0"}, "4": {"status": "PASS", "message": "", "test_name": "test_Institutes_View_ManageCourse", "rerun": "0"}, "5": {"status": "PASS", "message": "", "test_name": "test_view_Teams", "rerun": "0"}, "6": {"status": "PASS", "message": "", "test_name": "test_Directories_InstitutionDetails", "rerun": "0"}, "7": {"status": "PASS", "message": "", "test_name": "test_feed_Notification", "rerun": "0"}, "8": {"status": "PASS", "message": "", "test_name": "test_Feeds_Comments", "rerun": "0"}, "9": {"status": "PASS", "message": "", "test_name": "test_Feeds_Likes", "rerun": "0"}, "10": {"status": "PASS", "message": "", "test_name": "test_Feeds_AddNew_Poll", "rerun": "0"}, "11": {"status": "FAIL", "message": "   selenium.common.exceptions.TimeoutException: Message: \n   Stacktrace:\n   NoSuchElementError: An element could not be located on the page using the given search parameters.\n       at AndroidUiautomator2Driver.findElOrEls (C:\\Users\\ADMIN\\.appium\\node_modules\\appium-uiautomator2-driver\\node_modules\\appium-android-driver\\lib\\commands\\find.ts:86:11)\n       at processTicksAndRejections (node:internal/process/task_queues:95:5)\n       at AndroidUiautomator2Driver.findElOrElsWithProcessing (C:\\Users\\ADMIN\\AppData\\Roaming\\npm\\node_modules\\appium\\node_modules\\@appium\\base-driver\\lib\\basedriver\\commands\\find.ts:60:12)\n       at AndroidUiautomator2Driver.findElement (C:\\Users\\ADMIN\\AppData\\Roaming\\npm\\node_modules\\appium\\node_modules\\@appium\\base-driver\\lib\\basedriver\\commands\\find.ts:75:12)\n           AssertionError: poll is not working proper\n           assert False\n       AssertionError: Connection Error\n       assert False\n", "test_name": "test_Feeds_Poll", "rerun": "0"}, "12": {"status": "PASS", "message": "", "test_name": "test_Feeds_photo", "rerun": "0"}, "13": {"status": "PASS", "message": "", "test_name": "test_Video", "rerun": "0"}, "14": {"status": "PASS", "message": "", "test_name": "test_PrivacyPolicy_Button", "rerun": "0"}, "15": {"status": "PASS", "message": "", "test_name": "test_Help_Button", "rerun": "0"}, "16": {"status": "PASS", "message": "", "test_name": "test_syncCalendar", "rerun": "0"}, "17": {"status": "PASS", "message": "", "test_name": "test_AboutCompany_Button", "rerun": "0"}, "18": {"status": "PASS", "message": "", "test_name": "test_Notifications", "rerun": "0"}}, "suite_name": "test_More.py"}}}, "date": "August 24, 2024", "start_time": 1724475206.1492972, "total_suite": 1, "status": "FAIL", "status_list": {"pass": "18", "fail": "1", "skip": "0", "error": "0", "xpass": "0", "xfail": "0", "rerun": "0"}, "total_tests": "19"}