{"content": {"suites": {"0": {"status": {"total_pass": 3, "total_skip": 0, "total_xpass": 0, "total_xfail": 0, "total_rerun": 0, "total_fail": 2, "total_error": 0}, "tests": {"0": {"status": "PASS", "message": "", "test_name": "test_Institutes_View_InstituteDetails", "rerun": "0"}, "1": {"status": "PASS", "message": "", "test_name": "test_Institutes_View_Departments", "rerun": "0"}, "2": {"status": "FAIL", "message": "E   AssertionError: assert 'Write a comment...' == ''\n \n + Write a comment...\n       AssertionError: message is not sended successfully\n       assert False\n           AssertionError: Comment is not posted properly\n           assert False\nE   AssertionError: assert 'Write a comment...' == ''\n \n + Write a comment...\n       AssertionError: message is not sended successfully\n       assert False\n           AssertionError: Comment is not posted properly\n           assert False\n           AssertionError: No such post is available where automation will post the comment\n           assert False\n", "test_name": "test_Feeds_Comments", "rerun": "0"}, "3": {"status": "PASS", "message": "", "test_name": "test_syncCalendar", "rerun": "0"}, "4": {"status": "FAIL", "message": "   selenium.common.exceptions.TimeoutException: Message: \n   Stacktrace:\n   NoSuchElementError: An element could not be located on the page using the given search parameters.\n       at AndroidUiautomator2Driver.findElOrEls (C:\\Users\\ADMIN\\.appium\\node_modules\\appium-uiautomator2-driver\\node_modules\\appium-android-driver\\lib\\commands\\find.ts:86:11)\n       at processTicksAndRejections (node:internal/process/task_queues:95:5)\n       at AndroidUiautomator2Driver.findElOrElsWithProcessing (C:\\Users\\ADMIN\\AppData\\Roaming\\npm\\node_modules\\appium\\node_modules\\@appium\\base-driver\\lib\\basedriver\\commands\\find.ts:60:12)\n       at AndroidUiautomator2Driver.findElement (C:\\Users\\ADMIN\\AppData\\Roaming\\npm\\node_modules\\appium\\node_modules\\@appium\\base-driver\\lib\\basedriver\\commands\\find.ts:75:12)\n       AssertionError: Campus Details are not displayed properly\n       assert False\n       AssertionError: Connection Error\n       assert False\n", "test_name": "test_AboutCompany_Button", "rerun": "0"}}, "suite_name": "test_More.py"}}}, "date": "August 23, 2024", "start_time": 1724417465.116457, "total_suite": 1, "status": "FAIL", "status_list": {"pass": "3", "fail": "2", "skip": "0", "error": "0", "xpass": "0", "xfail": "0", "rerun": "0"}, "total_tests": "5"}