{"content": {"suites": {"0": {"status": {"total_pass": 0, "total_skip": 0, "total_xpass": 0, "total_xfail": 0, "total_rerun": 0, "total_fail": 6, "total_error": 0}, "tests": {"0": {"status": "FAIL", "message": "               TypeError: int() argument must be a string, a bytes-like object or a real number, not 'WebElement'\n       AssertionError: Something went wrong\n       assert False\n", "test_name": "test_ActiveJobs_InterviewProcess_View_AllApplicants", "rerun": "0"}, "1": {"status": "FAIL", "message": "           AssertionError: assert 'Abhey' == ''\n             \n             + Abhey\n           AssertionError: search box is not working proper\n           assert False\n       AssertionError: Something went wrong\n       assert False\n", "test_name": "test_ActiveJobs_InterviewProcess_AllApplicants_SearchBox", "rerun": "0"}, "2": {"status": "FAIL", "message": "   selenium.common.exceptions.TimeoutException: Message: \n   Stacktrace:\n   NoSuchElementError: An element could not be located on the page using the given search parameters.\n       at AndroidUiautomator2Driver.findElOrEls (C:\\Users\\ADMIN\\.appium\\node_modules\\appium-uiautomator2-driver\\node_modules\\appium-android-driver\\lib\\commands\\find.ts:86:11)\n       at processTicksAndRejections (node:internal/process/task_queues:95:5)\n       at AndroidUiautomator2Driver.findElOrElsWithProcessing (C:\\Users\\ADMIN\\AppData\\Roaming\\npm\\node_modules\\appium\\node_modules\\@appium\\base-driver\\lib\\basedriver\\commands\\find.ts:60:12)\n       at AndroidUiautomator2Driver.findElement (C:\\Users\\ADMIN\\AppData\\Roaming\\npm\\node_modules\\appium\\node_modules\\@appium\\base-driver\\lib\\basedriver\\commands\\find.ts:75:12)\n       AssertionError: Something went wrong\n       assert False\n", "test_name": "test_ActiveJobs_unpublish", "rerun": "0"}, "3": {"status": "FAIL", "message": "   selenium.common.exceptions.TimeoutException: Message: \n   Stacktrace:\n   NoSuchElementError: An element could not be located on the page using the given search parameters.\n       at AndroidUiautomator2Driver.findElOrEls (C:\\Users\\ADMIN\\.appium\\node_modules\\appium-uiautomator2-driver\\node_modules\\appium-android-driver\\lib\\commands\\find.ts:86:11)\n       at processTicksAndRejections (node:internal/process/task_queues:95:5)\n       at AndroidUiautomator2Driver.findElOrElsWithProcessing (C:\\Users\\ADMIN\\AppData\\Roaming\\npm\\node_modules\\appium\\node_modules\\@appium\\base-driver\\lib\\basedriver\\commands\\find.ts:60:12)\n       at AndroidUiautomator2Driver.findElement (C:\\Users\\ADMIN\\AppData\\Roaming\\npm\\node_modules\\appium\\node_modules\\@appium\\base-driver\\lib\\basedriver\\commands\\find.ts:75:12)\n           AssertionError: Job page is missing\n           assert False\n           AssertionError: Something went wrong\n           assert False\n", "test_name": "test_Unpublished_PublishJob", "rerun": "0"}, "4": {"status": "FAIL", "message": "   selenium.common.exceptions.TimeoutException: Message: \n   Stacktrace:\n   NoSuchElementError: An element could not be located on the page using the given search parameters.\n       at AndroidUiautomator2Driver.findElOrEls (C:\\Users\\ADMIN\\.appium\\node_modules\\appium-uiautomator2-driver\\node_modules\\appium-android-driver\\lib\\commands\\find.ts:86:11)\n       at processTicksAndRejections (node:internal/process/task_queues:95:5)\n       at AndroidUiautomator2Driver.findElOrElsWithProcessing (C:\\Users\\ADMIN\\AppData\\Roaming\\npm\\node_modules\\appium\\node_modules\\@appium\\base-driver\\lib\\basedriver\\commands\\find.ts:60:12)\n       at AndroidUiautomator2Driver.findElement (C:\\Users\\ADMIN\\AppData\\Roaming\\npm\\node_modules\\appium\\node_modules\\@appium\\base-driver\\lib\\basedriver\\commands\\find.ts:75:12)\n           AssertionError: Job page is missing\n           assert False\n           AssertionError: Something went wrong\n           assert False\n", "test_name": "test_Unpublished_ViewJobDetails", "rerun": "0"}, "5": {"status": "FAIL", "message": "   selenium.common.exceptions.TimeoutException: Message: \n   Stacktrace:\n   NoSuchElementError: An element could not be located on the page using the given search parameters.\n       at AndroidUiautomator2Driver.findElOrEls (C:\\Users\\ADMIN\\.appium\\node_modules\\appium-uiautomator2-driver\\node_modules\\appium-android-driver\\lib\\commands\\find.ts:86:11)\n       at processTicksAndRejections (node:internal/process/task_queues:95:5)\n       at AndroidUiautomator2Driver.findElOrElsWithProcessing (C:\\Users\\ADMIN\\AppData\\Roaming\\npm\\node_modules\\appium\\node_modules\\@appium\\base-driver\\lib\\basedriver\\commands\\find.ts:60:12)\n       at AndroidUiautomator2Driver.findElement (C:\\Users\\ADMIN\\AppData\\Roaming\\npm\\node_modules\\appium\\node_modules\\@appium\\base-driver\\lib\\basedriver\\commands\\find.ts:75:12)\n           AssertionError: Job page is missing\n           assert False\n           AssertionError: Something went wrong\n           assert False\n", "test_name": "test_View_CompletedJobs", "rerun": "0"}}, "suite_name": "test_OpenJobs.py"}}}, "date": "August 23, 2024", "start_time": 1724407934.4695313, "total_suite": 1, "status": "FAIL", "status_list": {"pass": "0", "fail": "6", "skip": "0", "error": "0", "xpass": "0", "xfail": "0", "rerun": "0"}, "total_tests": "6"}