{"content": {"suites": {"0": {"status": {"total_pass": 10, "total_skip": 0, "total_xpass": 0, "total_xfail": 0, "total_rerun": 0, "total_fail": 2, "total_error": 0}, "tests": {"0": {"status": "PASS", "message": "", "test_name": "test_Notification", "rerun": "0"}, "1": {"status": "PASS", "message": "", "test_name": "test_myprofile_logo", "rerun": "0"}, "2": {"status": "PASS", "message": "", "test_name": "test_ActiveJobs_Stats", "rerun": "0"}, "3": {"status": "PASS", "message": "", "test_name": "test_SearchBox", "rerun": "0"}, "4": {"status": "PASS", "message": "", "test_name": "test_SaveFilter", "rerun": "0"}, "5": {"status": "PASS", "message": "", "test_name": "test_Delete_SaveFilter", "rerun": "0"}, "6": {"status": "PASS", "message": "", "test_name": "test_ActiveJobs_InterviewProcess_View_IntituteInvited", "rerun": "0"}, "7": {"status": "PASS", "message": "", "test_name": "test_ActiveJobs_unpublish", "rerun": "0"}, "8": {"status": "PASS", "message": "", "test_name": "test_ActiveJobs_JobProfile", "rerun": "0"}, "9": {"status": "PASS", "message": "", "test_name": "test_Unpublished_PublishJob", "rerun": "0"}, "10": {"status": "FAIL", "message": "   selenium.common.exceptions.TimeoutException: Message: \n   Stacktrace:\n   NoSuchElementError: An element could not be located on the page using the given search parameters.\n       at AndroidUiautomator2Driver.findElOrEls (C:\\Users\\ADMIN\\.appium\\node_modules\\appium-uiautomator2-driver\\node_modules\\appium-android-driver\\lib\\commands\\find.ts:86:11)\n       at processTicksAndRejections (node:internal/process/task_queues:95:5)\n       at AndroidUiautomator2Driver.findElOrElsWithProcessing (C:\\Users\\ADMIN\\AppData\\Roaming\\npm\\node_modules\\appium\\node_modules\\@appium\\base-driver\\lib\\basedriver\\commands\\find.ts:60:12)\n       at AndroidUiautomator2Driver.findElement (C:\\Users\\ADMIN\\AppData\\Roaming\\npm\\node_modules\\appium\\node_modules\\@appium\\base-driver\\lib\\basedriver\\commands\\find.ts:75:12)\n       AssertionError: Something went wrong\n       assert False\n", "test_name": "test_Unpublished_ViewJobDetails", "rerun": "0"}, "11": {"status": "FAIL", "message": "           AssertionError: assert 'Completed' == 'Active Jobs'\n             \n             - Active Jobs\n             + Completed\n           AssertionError: job details are not matched\n           assert False\n       AssertionError: Something went wrong\n       assert False\n", "test_name": "test_View_CompletedJobs", "rerun": "0"}}, "suite_name": "test_Jobs.py"}, "1": {"suite_name": "test_Messages.py", "tests": {"0": {"status": "PASS", "message": "", "test_name": "test_Notification", "rerun": "0"}, "1": {"status": "PASS", "message": "", "test_name": "test_chats", "rerun": "0"}}, "status": {"total_pass": 2, "total_skip": 0, "total_xpass": 0, "total_xfail": 0, "total_rerun": 0, "total_fail": 0, "total_error": 0}}, "2": {"suite_name": "test_More.py", "tests": {"0": {"status": "PASS", "message": "", "test_name": "test_View_Institutes", "rerun": "0"}, "1": {"status": "FAIL", "message": "   selenium.common.exceptions.TimeoutException: Message: \n   Stacktrace:\n   NoSuchElementError: An element could not be located on the page using the given search parameters.\n       at AndroidUiautomator2Driver.findElOrEls (C:\\Users\\ADMIN\\.appium\\node_modules\\appium-uiautomator2-driver\\node_modules\\appium-android-driver\\lib\\commands\\find.ts:86:11)\n       at processTicksAndRejections (node:internal/process/task_queues:95:5)\n       at AndroidUiautomator2Driver.findElOrElsWithProcessing (C:\\Users\\ADMIN\\AppData\\Roaming\\npm\\node_modules\\appium\\node_modules\\@appium\\base-driver\\lib\\basedriver\\commands\\find.ts:60:12)\n       at AndroidUiautomator2Driver.findElement (C:\\Users\\ADMIN\\AppData\\Roaming\\npm\\node_modules\\appium\\node_modules\\@appium\\base-driver\\lib\\basedriver\\commands\\find.ts:75:12)\n           AssertionError: Institute Details Page back button is not working properly\n           assert False\n       AssertionError: Something went Wrong\n       assert False\n", "test_name": "test_Institutes_View_InstituteDetails", "rerun": "0"}, "2": {"status": "PASS", "message": "", "test_name": "test_Institutes_View_ManageTeam", "rerun": "0"}, "3": {"status": "FAIL", "message": "   selenium.common.exceptions.StaleElementReferenceException: Message: The element 'By.xpath: //android.widget.ScrollView//android.view.ViewGroup[@index='2']' is not linked to the same object in DOM anymore; For documentation on this error, please visit: https://www.selenium.dev/documentation/webdriver/troubleshooting/errors#stale-element-reference-exception\n   Stacktrace:\n   io.appium.uiautomator2.common.exceptions.StaleElementReferenceException: The element 'By.xpath: //android.widget.ScrollView//android.view.ViewGroup[@index='2']' is not linked to the same object in DOM anymore\n   \tat io.appium.uiautomator2.model.ElementsCache.restore(ElementsCache.java:122)\n   \tat io.appium.uiautomator2.model.ElementsCache.get(ElementsCache.java:153)\n   \tat io.appium.uiautomator2.handler.Click.safeHandle(Click.java:36)\n   \tat io.appium.uiautomator2.handler.request.SafeRequestHandler.handle(SafeRequestHandler.java:59)\n   \tat io.appium.uiautomator2.server.AppiumServlet.handleRequest(AppiumServlet.java:259)\n   \tat io.appium.uiautomator2.server.AppiumServlet.handleHttpRequest(AppiumServlet.java:253)\n   \tat io.appium.uiautomator2.http.ServerHandler.channelRead(ServerHandler.java:77)\n   \tat io.netty.channel.AbstractChannelHandlerContext.invokeChannelRead(AbstractChannelHandlerContext.java:366)\n   \tat io.netty.channel.AbstractChannelHandlerContext.invokeChannelRead(AbstractChannelHandlerContext.java:352)\n   \tat io.netty.channel.AbstractChannelHandlerContext.fireChannelRead(AbstractChannelHandlerContext.java:345)\n   \tat io.netty.handler.codec.MessageToMessageDecoder.channelRead(MessageToMessageDecoder.java:102)\n   \tat io.netty.channel.AbstractChannelHandlerContext.invokeChannelRead(AbstractChannelHandlerContext.java:366)\n   \tat io.netty.channel.AbstractChannelHandlerContext.invokeChannelRead(AbstractChannelHandlerContext.java:352)\n   \tat io.netty.channel.AbstractChannelHandlerContext.fireChannelRead(AbstractChannelHandlerContext.java:345)\n   \tat io.netty.channel.CombinedChannelDuplexHandler$DelegatingChannelHandlerContext.fireChannelRead(CombinedChannelDuplexHandler.java:435)\n   \tat io.netty.handler.codec.ByteToMessageDecoder.fireChannelRead(ByteToMessageDecoder.java:293)\n   \tat io.netty.handler.codec.ByteToMessageDecoder.channelRead(ByteToMessageDecoder.java:267)\n   \tat io.netty.channel.CombinedChannelDuplexHandler.channelRead(CombinedChannelDuplexHandler.java:250)\n   \tat io.netty.channel.AbstractChannelHandlerContext.invokeChannelRead(AbstractChannelHandlerContext.java:366)\n   \tat io.netty.channel.AbstractChannelHandlerContext.invokeChannelRead(AbstractChannelHandlerContext.java:352)\n   \tat io.netty.channel.AbstractChannelHandlerContext.fireChannelRead(AbstractChannelHandlerContext.java:345)\n   \tat io.netty.handler.timeout.IdleStateHandler.channelRead(IdleStateHandler.java:266)\n   \tat io.netty.channel.AbstractChannelHandlerContext.invokeChannelRead(AbstractChannelHandlerContext.java:366)\n   \tat io.netty.channel.AbstractChannelHandlerContext.invokeChannelRead(AbstractChannelHandlerContext.java:352)\n   \tat io.netty.channel.AbstractChannelHandlerContext.fireChannelRead(AbstractChannelHandlerContext.java:345)\n   \tat io.netty.channel.DefaultChannelPipeline$HeadContext.channelRead(DefaultChannelPipeline.java:1294)\n   \tat io.netty.channel.AbstractChannelHandlerContext.invokeChannelRead(AbstractChannelHandlerContext.java:366)\n   \tat io.netty.channel.AbstractChannelHandlerContext.invokeChannelRead(AbstractChannelHandlerContext.java:352)\n   \tat io.netty.channel.DefaultChannelPipeline.fireChannelRead(DefaultChannelPipeline.java:911)\n   \tat io.netty.channel.nio.AbstractNioByteChannel$NioByteUnsafe.read(AbstractNioByteChannel.java:131)\n   \tat io.netty.channel.nio.NioEventLoop.processSelectedKey(NioEventLoop.java:611)\n   \tat io.netty.channel.nio.NioEventLoop.processSelectedKeysOptimized(NioEventLoop.java:552)\n   \tat io.netty.channel.nio.NioEventLoop.processSelectedKeys(NioEventLoop.java:466)\n   \tat io.netty.channel.nio.NioEventLoop.run(NioEventLoop.java:438)\n   \tat io.netty.util.concurrent.SingleThreadEventExecutor$2.run(SingleThreadEventExecutor.java:140)\n   \tat io.netty.util.concurrent.DefaultThreadFactory$DefaultRunnableDecorator.run(DefaultThreadFactory.java:144)\n   \tat java.lang.Thread.run(Thread.java:1012)\n       AssertionError: Something went Wrong\n       assert False\n", "test_name": "test_Institutes_View_Departments", "rerun": "0"}, "4": {"status": "PASS", "message": "", "test_name": "test_Institutes_View_ManageCourse", "rerun": "0"}, "5": {"status": "PASS", "message": "", "test_name": "test_view_Teams", "rerun": "0"}, "6": {"status": "PASS", "message": "", "test_name": "test_Directories_InstitutionDetails", "rerun": "0"}, "7": {"status": "PASS", "message": "", "test_name": "test_feed_Notification", "rerun": "0"}, "8": {"status": "FAIL", "message": "           AssertionError: assert 'Write a comment...' == ''\n             \n             + Write a comment...\n           AssertionError: message is not sended successfully\n           assert False\n       AssertionError: Comment is not posted properly\n       assert False\n           AssertionError: assert 'Write a comment...' == ''\n             \n             + Write a comment...\n           AssertionError: message is not sended successfully\n           assert False\n       AssertionError: Comment is not posted properly\n       assert False\n           AssertionError: No such post is available where automation will post the comment\n           assert False\n", "test_name": "test_Comments", "rerun": "0"}, "9": {"status": "PASS", "message": "", "test_name": "test_Likes", "rerun": "0"}, "10": {"status": "PASS", "message": "", "test_name": "test_AddNew_Poll", "rerun": "0"}, "11": {"status": "FAIL", "message": "   selenium.common.exceptions.TimeoutException: Message: \n   Stacktrace:\n   NoSuchElementError: An element could not be located on the page using the given search parameters.\n       at AndroidUiautomator2Driver.findElOrEls (C:\\Users\\ADMIN\\.appium\\node_modules\\appium-uiautomator2-driver\\node_modules\\appium-android-driver\\lib\\commands\\find.ts:86:11)\n       at processTicksAndRejections (node:internal/process/task_queues:95:5)\n       at AndroidUiautomator2Driver.findElOrElsWithProcessing (C:\\Users\\ADMIN\\AppData\\Roaming\\npm\\node_modules\\appium\\node_modules\\@appium\\base-driver\\lib\\basedriver\\commands\\find.ts:60:12)\n       at AndroidUiautomator2Driver.findElement (C:\\Users\\ADMIN\\AppData\\Roaming\\npm\\node_modules\\appium\\node_modules\\@appium\\base-driver\\lib\\basedriver\\commands\\find.ts:75:12)\n           AssertionError: poll is not working proper\n           assert False\n       AssertionError: Connection Error\n       assert False\n", "test_name": "test_Poll", "rerun": "0"}, "12": {"status": "PASS", "message": "", "test_name": "test_photo", "rerun": "0"}, "13": {"status": "PASS", "message": "", "test_name": "test_Video", "rerun": "0"}, "14": {"status": "PASS", "message": "", "test_name": "test_PrivacyPolicy_Button", "rerun": "0"}, "15": {"status": "PASS", "message": "", "test_name": "test_Help_Button", "rerun": "0"}, "16": {"status": "FAIL", "message": "   selenium.common.exceptions.TimeoutException: Message: \n   Stacktrace:\n   NoSuchElementError: An element could not be located on the page using the given search parameters.\n       at AndroidUiautomator2Driver.findElOrEls (C:\\Users\\ADMIN\\.appium\\node_modules\\appium-uiautomator2-driver\\node_modules\\appium-android-driver\\lib\\commands\\find.ts:86:11)\n       at processTicksAndRejections (node:internal/process/task_queues:95:5)\n       at AndroidUiautomator2Driver.findElOrElsWithProcessing (C:\\Users\\ADMIN\\AppData\\Roaming\\npm\\node_modules\\appium\\node_modules\\@appium\\base-driver\\lib\\basedriver\\commands\\find.ts:60:12)\n       at AndroidUiautomator2Driver.findElement (C:\\Users\\ADMIN\\AppData\\Roaming\\npm\\node_modules\\appium\\node_modules\\@appium\\base-driver\\lib\\basedriver\\commands\\find.ts:75:12)\n           AssertionError: Calendar is not sync successfully\n           assert False\n       AssertionError: somthing went wrong\n       assert False\n", "test_name": "test_syncCalendar", "rerun": "0"}, "17": {"status": "FAIL", "message": "   selenium.common.exceptions.TimeoutException: Message: \n   Stacktrace:\n   NoSuchElementError: An element could not be located on the page using the given search parameters.\n       at AndroidUiautomator2Driver.findElOrEls (C:\\Users\\ADMIN\\.appium\\node_modules\\appium-uiautomator2-driver\\node_modules\\appium-android-driver\\lib\\commands\\find.ts:86:11)\n       at processTicksAndRejections (node:internal/process/task_queues:95:5)\n       at AndroidUiautomator2Driver.findElOrElsWithProcessing (C:\\Users\\ADMIN\\AppData\\Roaming\\npm\\node_modules\\appium\\node_modules\\@appium\\base-driver\\lib\\basedriver\\commands\\find.ts:60:12)\n       at AndroidUiautomator2Driver.findElement (C:\\Users\\ADMIN\\AppData\\Roaming\\npm\\node_modules\\appium\\node_modules\\@appium\\base-driver\\lib\\basedriver\\commands\\find.ts:75:12)\n       AssertionError: Connection Error\n       assert False\n", "test_name": "test_AboutCompany_Button", "rerun": "0"}, "18": {"status": "PASS", "message": "", "test_name": "test_Notifications", "rerun": "0"}}, "status": {"total_pass": 13, "total_skip": 0, "total_xpass": 0, "total_xfail": 0, "total_rerun": 0, "total_fail": 6, "total_error": 0}}, "3": {"suite_name": "test_OpenJobs.py", "tests": {"0": {"status": "PASS", "message": "", "test_name": "test_Notification", "rerun": "0"}, "1": {"status": "PASS", "message": "", "test_name": "test_myprofile_logo", "rerun": "0"}, "2": {"status": "PASS", "message": "", "test_name": "test_ActiveJobs_Stats", "rerun": "0"}, "3": {"status": "FAIL", "message": "   selenium.common.exceptions.TimeoutException: Message: \n   Stacktrace:\n   NoSuchElementError: An element could not be located on the page using the given search parameters.\n       at AndroidUiautomator2Driver.findElOrEls (C:\\Users\\ADMIN\\.appium\\node_modules\\appium-uiautomator2-driver\\node_modules\\appium-android-driver\\lib\\commands\\find.ts:86:11)\n       at processTicksAndRejections (node:internal/process/task_queues:95:5)\n       at AndroidUiautomator2Driver.findElOrElsWithProcessing (C:\\Users\\ADMIN\\AppData\\Roaming\\npm\\node_modules\\appium\\node_modules\\@appium\\base-driver\\lib\\basedriver\\commands\\find.ts:60:12)\n       at AndroidUiautomator2Driver.findElement (C:\\Users\\ADMIN\\AppData\\Roaming\\npm\\node_modules\\appium\\node_modules\\@appium\\base-driver\\lib\\basedriver\\commands\\find.ts:75:12)\n           AssertionError: search box is not working proper\n           assert False\n       AssertionError: Something went wrong\n       assert False\n", "test_name": "test_SearchBox", "rerun": "0"}, "4": {"status": "PASS", "message": "", "test_name": "test_SaveFilter", "rerun": "0"}, "5": {"status": "PASS", "message": "", "test_name": "test_Delete_SaveFilter", "rerun": "0"}, "6": {"status": "PASS", "message": "", "test_name": "test_ActiveJobs_InterviewProcess_View_AllApplicants", "rerun": "0"}, "7": {"status": "PASS", "message": "", "test_name": "test_ActiveJobs_InterviewProcess_AllApplicants_SearchBox", "rerun": "0"}, "8": {"status": "FAIL", "message": "   selenium.common.exceptions.TimeoutException: Message: \n   Stacktrace:\n   NoSuchElementError: An element could not be located on the page using the given search parameters.\n       at AndroidUiautomator2Driver.findElOrEls (C:\\Users\\ADMIN\\.appium\\node_modules\\appium-uiautomator2-driver\\node_modules\\appium-android-driver\\lib\\commands\\find.ts:86:11)\n       at processTicksAndRejections (node:internal/process/task_queues:95:5)\n       at AndroidUiautomator2Driver.findElOrElsWithProcessing (C:\\Users\\ADMIN\\AppData\\Roaming\\npm\\node_modules\\appium\\node_modules\\@appium\\base-driver\\lib\\basedriver\\commands\\find.ts:60:12)\n       at AndroidUiautomator2Driver.findElement (C:\\Users\\ADMIN\\AppData\\Roaming\\npm\\node_modules\\appium\\node_modules\\@appium\\base-driver\\lib\\basedriver\\commands\\find.ts:75:12)\n       AssertionError: Something went wrong\n       assert False\n", "test_name": "test_ActiveJobs_unpublish", "rerun": "0"}, "9": {"status": "PASS", "message": "", "test_name": "test_ActiveJobs_JobProfile", "rerun": "0"}, "10": {"status": "FAIL", "message": "   selenium.common.exceptions.TimeoutException: Message: \n   Stacktrace:\n   NoSuchElementError: An element could not be located on the page using the given search parameters.\n       at AndroidUiautomator2Driver.findElOrEls (C:\\Users\\ADMIN\\.appium\\node_modules\\appium-uiautomator2-driver\\node_modules\\appium-android-driver\\lib\\commands\\find.ts:86:11)\n       at processTicksAndRejections (node:internal/process/task_queues:95:5)\n       at AndroidUiautomator2Driver.findElOrElsWithProcessing (C:\\Users\\ADMIN\\AppData\\Roaming\\npm\\node_modules\\appium\\node_modules\\@appium\\base-driver\\lib\\basedriver\\commands\\find.ts:60:12)\n       at AndroidUiautomator2Driver.findElement (C:\\Users\\ADMIN\\AppData\\Roaming\\npm\\node_modules\\appium\\node_modules\\@appium\\base-driver\\lib\\basedriver\\commands\\find.ts:75:12)\n       AssertionError: Something went wrong\n       assert False\n", "test_name": "test_Unpublished_PublishJob", "rerun": "0"}, "11": {"status": "PASS", "message": "", "test_name": "test_Unpublished_ViewJobDetails", "rerun": "0"}, "12": {"status": "PASS", "message": "", "test_name": "test_View_CompletedJobs", "rerun": "0"}}, "status": {"total_pass": 10, "total_skip": 0, "total_xpass": 0, "total_xfail": 0, "total_rerun": 0, "total_fail": 3, "total_error": 0}}}}, "date": "August 23, 2024", "start_time": 1724416078.240018, "total_suite": 4, "status": "FAIL", "status_list": {"pass": "35", "fail": "11", "skip": "0", "error": "0", "xpass": "0", "xfail": "0", "rerun": "0"}, "total_tests": "46"}