{"content": {"suites": {"0": {"status": {"total_pass": 12, "total_skip": 0, "total_xpass": 0, "total_xfail": 0, "total_rerun": 0, "total_fail": 1, "total_error": 0}, "tests": {"0": {"status": "PASS", "message": "", "test_name": "test_Notification", "rerun": "0"}, "1": {"status": "PASS", "message": "", "test_name": "test_myprofile_logo", "rerun": "0"}, "2": {"status": "PASS", "message": "", "test_name": "test_ActiveJobs_Stats", "rerun": "0"}, "3": {"status": "PASS", "message": "", "test_name": "test_SearchBox", "rerun": "0"}, "4": {"status": "PASS", "message": "", "test_name": "test_SaveFilter", "rerun": "0"}, "5": {"status": "PASS", "message": "", "test_name": "test_Delete_SaveFilter", "rerun": "0"}, "6": {"status": "PASS", "message": "", "test_name": "test_ActiveJobs_InterviewProcess_View_AllApplicants", "rerun": "0"}, "7": {"status": "FAIL", "message": "   selenium.common.exceptions.TimeoutException: Message: \n   Stacktrace:\n   NoSuchElementError: An element could not be located on the page using the given search parameters.\n       at AndroidUiautomator2Driver.findElOrEls (C:\\Users\\ADMIN\\.appium\\node_modules\\appium-uiautomator2-driver\\node_modules\\appium-android-driver\\lib\\commands\\find.ts:86:11)\n       at processTicksAndRejections (node:internal/process/task_queues:95:5)\n       at AndroidUiautomator2Driver.findElOrElsWithProcessing (C:\\Users\\ADMIN\\AppData\\Roaming\\npm\\node_modules\\appium\\node_modules\\@appium\\base-driver\\lib\\basedriver\\commands\\find.ts:60:12)\n       at AndroidUiautomator2Driver.findElement (C:\\Users\\ADMIN\\AppData\\Roaming\\npm\\node_modules\\appium\\node_modules\\@appium\\base-driver\\lib\\basedriver\\commands\\find.ts:75:12)\n   AssertionError: assert 'Abhey' == ''\n     \n     + Abhey\nE   AssertionError: search box is not working proper\nE   assert False\n       AssertionError: Something went wrong\n       assert False\n", "test_name": "test_ActiveJobs_InterviewProcess_AllApplicants_SearchBox", "rerun": "0"}, "8": {"status": "PASS", "message": "", "test_name": "test_ActiveJobs_unpublish", "rerun": "0"}, "9": {"status": "PASS", "message": "", "test_name": "test_ActiveJobs_JobProfile", "rerun": "0"}, "10": {"status": "PASS", "message": "", "test_name": "test_Unpublished_PublishJob", "rerun": "0"}, "11": {"status": "PASS", "message": "", "test_name": "test_Unpublished_ViewJobDetails", "rerun": "0"}, "12": {"status": "PASS", "message": "", "test_name": "test_View_CompletedJobs", "rerun": "0"}}, "suite_name": "test_OpenJobs.py"}}}, "date": "August 24, 2024", "start_time": 1724489402.4329607, "total_suite": 1, "status": "FAIL", "status_list": {"pass": "12", "fail": "1", "skip": "0", "error": "0", "xpass": "0", "xfail": "0", "rerun": "0"}, "total_tests": "13"}